2021-04-26 21:18:46,980 [Worker-1: Loading available Gradle versions] INFO  o.e.b.c.i.u.g.PublishedGradleVersions - Gradle version information cache is up-to-date. Trying to read.
2021-04-26 21:25:10,589 [Worker-1: Loading available Gradle versions] INFO  o.e.b.c.i.u.g.PublishedGradleVersions - Gradle version information cache is up-to-date. Trying to read.
2021-06-10 14:52:39,701 [Worker-3: Loading available Gradle versions] INFO  o.e.b.c.i.u.g.PublishedGradleVersions - Gradle version information cache is out-of-date. Trying to update.
2021-06-10 14:53:41,192 [Worker-3: Loading available Gradle versions] INFO  o.e.b.c.i.u.g.PublishedGradleVersions - Gradle version information cache is up-to-date. Trying to read.
2021-06-10 15:23:55,649 [sentry-pool-1-thread-1] WARN  i.s.c.AbstractConnection.lockdown - Initiated a temporary lockdown because of exception: {"detail":"failed to read request body","causes":["failed to read request payload","deflate decompression error"]}
2021-06-10 15:23:55,652 [sentry-pool-1-thread-1] ERROR i.sentry.connection.AsyncConnection - An exception occurred while sending the event to Sentry.
io.sentry.connection.ConnectionException: {"detail":"failed to read request body","causes":["failed to read request payload","deflate decompression error"]}
	at io.sentry.connection.HttpConnection.doSend(HttpConnection.java:216)
	at io.sentry.connection.AbstractConnection.send(AbstractConnection.java:75)
	at io.sentry.connection.AsyncConnection$EventSubmitter.run(AsyncConnection.java:185)
	at java.base/java.util.concurrent.ThreadPoolExecutor.runWorker(ThreadPoolExecutor.java:1130)
	at java.base/java.util.concurrent.ThreadPoolExecutor$Worker.run(ThreadPoolExecutor.java:630)
	at java.base/java.lang.Thread.run(Thread.java:832)
Caused by: java.net.SocketTimeoutException: Read timed out
	at java.base/sun.nio.ch.NioSocketImpl.timedRead(NioSocketImpl.java:283)
	at java.base/sun.nio.ch.NioSocketImpl.implRead(NioSocketImpl.java:309)
	at java.base/sun.nio.ch.NioSocketImpl.read(NioSocketImpl.java:350)
	at java.base/sun.nio.ch.NioSocketImpl$1.read(NioSocketImpl.java:803)
	at java.base/java.net.Socket$SocketInputStream.read(Socket.java:981)
	at java.base/sun.security.ssl.SSLSocketInputRecord.read(SSLSocketInputRecord.java:478)
	at java.base/sun.security.ssl.SSLSocketInputRecord.readHeader(SSLSocketInputRecord.java:472)
	at java.base/sun.security.ssl.SSLSocketInputRecord.decode(SSLSocketInputRecord.java:160)
	at java.base/sun.security.ssl.SSLTransport.decode(SSLTransport.java:110)
	at java.base/sun.security.ssl.SSLSocketImpl.decode(SSLSocketImpl.java:1488)
	at java.base/sun.security.ssl.SSLSocketImpl.readHandshakeRecord(SSLSocketImpl.java:1394)
	at java.base/sun.security.ssl.SSLSocketImpl.startHandshake(SSLSocketImpl.java:441)
	at java.base/sun.security.ssl.SSLSocketImpl.startHandshake(SSLSocketImpl.java:412)
	at java.base/sun.net.www.protocol.https.HttpsClient.afterConnect(HttpsClient.java:567)
	at java.base/sun.net.www.protocol.https.AbstractDelegateHttpsURLConnection.connect(AbstractDelegateHttpsURLConnection.java:183)
	at java.base/sun.net.www.protocol.https.HttpsURLConnectionImpl.connect(HttpsURLConnectionImpl.java:142)
	at io.sentry.connection.HttpConnection.doSend(HttpConnection.java:168)
	... 5 common frames omitted
2021-06-10 18:01:35,635 [Worker-3: Loading available Gradle versions] INFO  o.e.b.c.i.u.g.PublishedGradleVersions - Gradle version information cache is up-to-date. Trying to read.
2021-06-10 18:02:04,495 [sentry-pool-1-thread-1] WARN  i.s.c.AbstractConnection.lockdown - Initiated a temporary lockdown because of exception: Too many requests to Sentry: https://docs.sentry.io/learn/quotas/
2021-06-11 16:04:37,484 [Worker-3: Loading available Gradle versions] INFO  o.e.b.c.i.u.g.PublishedGradleVersions - Gradle version information cache is out-of-date. Trying to update.
2021-06-11 17:34:42,497 [Worker-3: Loading available Gradle versions] INFO  o.e.b.c.i.u.g.PublishedGradleVersions - Gradle version information cache is up-to-date. Trying to read.
2021-06-11 18:27:02,758 [Worker-2: Loading available Gradle versions] INFO  o.e.b.c.i.u.g.PublishedGradleVersions - Gradle version information cache is up-to-date. Trying to read.
